2023-03-12 12:28:16: == Sync Started by User Command
2023-03-12 12:28:16: Создана Папка //ANDREIHP/F/GIT/.well-known
2023-03-12 12:28:16: Создана Папка //ANDREIHP/F/GIT/.well-known/acme-challenge
2023-03-12 12:28:16: Создана Папка //ANDREIHP/F/GIT/css
2023-03-12 12:28:16: Создана Папка //ANDREIHP/F/GIT/fonts
2023-03-12 12:28:16: Создана Папка //ANDREIHP/F/GIT/ima
2023-03-12 12:28:17: Создана Папка //ANDREIHP/F/GIT/images
2023-03-12 12:28:17: Создана Папка //ANDREIHP/F/GIT/images/1
2023-03-12 12:28:17: Создана Папка //ANDREIHP/F/GIT/images/bigest
2023-03-12 12:28:17: Создана Папка //ANDREIHP/F/GIT/images/minim
2023-03-12 12:28:17: Создана Папка //ANDREIHP/F/GIT/img
2023-03-12 12:28:17: Создана Папка //ANDREIHP/F/GIT/img/icons
2023-03-12 12:28:17: Создана Папка //ANDREIHP/F/GIT/js
2023-03-12 12:28:17: Скопирован новый 'D:/GIT/.gitattributes' -> '//ANDREIHP/F/GIT/.gitattributes' (66)
2023-03-12 12:28:17: Скопирован новый 'D:/GIT/.htaccess' -> '//ANDREIHP/F/GIT/.htaccess' (52)
2023-03-12 12:28:17: Скопирован новый 'D:/GIT/.ftpquota' -> '//ANDREIHP/F/GIT/.ftpquota' (14)
2023-03-12 12:28:17: Скопирован новый 'D:/GIT/aboutus.php' -> '//ANDREIHP/F/GIT/aboutus.php' (10,038)
2023-03-12 12:28:17: Скопирован новый 'D:/GIT/creative.html' -> '//ANDREIHP/F/GIT/creative.html' (19,845)
2023-03-12 12:28:17: Скопирован новый 'D:/GIT/aboutus.html' -> '//ANDREIHP/F/GIT/aboutus.html' (8,749)
2023-03-12 12:28:17: Скопирован новый 'D:/GIT/creative.php' -> '//ANDREIHP/F/GIT/creative.php' (21,321)
2023-03-12 12:28:17: Скопирован новый 'D:/GIT/css/styles.css' -> '//ANDREIHP/F/GIT/css/styles.css' (19,671)
2023-03-12 12:28:17: Скопирован новый 'D:/GIT/fonts/droid-sans.ttf' -> '//ANDREIHP/F/GIT/fonts/droid-sans.ttf' (172,260)
2023-03-12 12:28:17: Скопирован новый 'D:/GIT/ima/forum.png' -> '//ANDREIHP/F/GIT/ima/forum.png' (2,996)
2023-03-12 12:28:17: Скопирован новый 'D:/GIT/ima/big.png' -> '//ANDREIHP/F/GIT/ima/big.png' (14,466)
2023-03-12 12:28:17: Скопирован новый 'D:/GIT/ima/glavnaya.png' -> '//ANDREIHP/F/GIT/ima/glavnaya.png' (2,386)
2023-03-12 12:28:17: Скопирован новый 'D:/GIT/ima/logo2.png' -> '//ANDREIHP/F/GIT/ima/logo2.png' (1,820)
2023-03-12 12:28:17: Скопирован новый 'D:/GIT/ima/logo.png' -> '//ANDREIHP/F/GIT/ima/logo.png' (6,966)
2023-03-12 12:28:17: Скопирован новый 'D:/GIT/ima/novosti.png' -> '//ANDREIHP/F/GIT/ima/novosti.png' (2,967)
2023-03-12 12:28:18: Скопирован новый 'D:/GIT/ima/zadachi.png' -> '//ANDREIHP/F/GIT/ima/zadachi.png' (2,655)
2023-03-12 12:28:18: Скопирован новый 'D:/GIT/images/1/slide2.png' -> '//ANDREIHP/F/GIT/images/1/slide2.png' (55,844)
2023-03-12 12:28:18: Скопирован новый 'D:/GIT/images/1/slide1.png' -> '//ANDREIHP/F/GIT/images/1/slide1.png' (38,022)
2023-03-12 12:28:18: Скопирован новый 'D:/GIT/images/1/slide3.png' -> '//ANDREIHP/F/GIT/images/1/slide3.png' (136,642)
2023-03-12 12:28:18: Скопирован новый 'D:/GIT/images/1/slide4.png' -> '//ANDREIHP/F/GIT/images/1/slide4.png' (66,561)
2023-03-12 12:28:18: Скопирован новый 'D:/GIT/images/1/slide5.png' -> '//ANDREIHP/F/GIT/images/1/slide5.png' (204,346)
2023-03-12 12:28:18: Скопирован новый 'D:/GIT/images/1/slide6.png' -> '//ANDREIHP/F/GIT/images/1/slide6.png' (83,882)
2023-03-12 12:28:18: Скопирован новый 'D:/GIT/images/1/slide8.png' -> '//ANDREIHP/F/GIT/images/1/slide8.png' (98,054)
2023-03-12 12:28:18: Скопирован новый 'D:/GIT/images/1/slide7.png' -> '//ANDREIHP/F/GIT/images/1/slide7.png' (81,099)
2023-03-12 12:28:18: Скопирован новый 'D:/GIT/images/1/slide9.png' -> '//ANDREIHP/F/GIT/images/1/slide9.png' (222,019)
2023-03-12 12:28:18: > Скопирован новый 'D:/GIT/images/bigest/slide11.png' -> '//ANDREIHP/F/GIT/images/bigest/slide11.png' (1,276,449)
2023-03-12 12:28:18: Скопирован новый 'D:/GIT/images/bigest/slide10.png' -> '//ANDREIHP/F/GIT/images/bigest/slide10.png' (342,580)
2023-03-12 12:28:18: Скопирован новый 'D:/GIT/images/bigest/slide1.png' -> '//ANDREIHP/F/GIT/images/bigest/slide1.png' (894,366)
2023-03-12 12:28:19: < Скопирован новый 'D:/GIT/images/bigest/slide11.png' -> '//ANDREIHP/F/GIT/images/bigest/slide11.png' (1,276,449)
2023-03-12 12:28:19: Скопирован новый 'D:/GIT/images/bigest/slide12.png' -> '//ANDREIHP/F/GIT/images/bigest/slide12.png' (892,257)
2023-03-12 12:28:19: > Скопирован новый 'D:/GIT/images/bigest/slide4.png' -> '//ANDREIHP/F/GIT/images/bigest/slide4.png' (1,234,112)
2023-03-12 12:28:19: Скопирован новый 'D:/GIT/images/bigest/slide2.png' -> '//ANDREIHP/F/GIT/images/bigest/slide2.png' (935,575)
2023-03-12 12:28:19: > Скопирован новый 'D:/GIT/images/bigest/slide5.png' -> '//ANDREIHP/F/GIT/images/bigest/slide5.png' (2,048,201)
2023-03-12 12:28:19: Скопирован новый 'D:/GIT/images/bigest/slide3.png' -> '//ANDREIHP/F/GIT/images/bigest/slide3.png' (962,740)
2023-03-12 12:28:19: > Скопирован новый 'D:/GIT/images/bigest/slide6.png' -> '//ANDREIHP/F/GIT/images/bigest/slide6.png' (1,920,169)
2023-03-12 12:28:19: < Скопирован новый 'D:/GIT/images/bigest/slide4.png' -> '//ANDREIHP/F/GIT/images/bigest/slide4.png' (1,234,112)
2023-03-12 12:28:19: < Скопирован новый 'D:/GIT/images/bigest/slide5.png' -> '//ANDREIHP/F/GIT/images/bigest/slide5.png' (2,048,201)
2023-03-12 12:28:19: < Скопирован новый 'D:/GIT/images/bigest/slide6.png' -> '//ANDREIHP/F/GIT/images/bigest/slide6.png' (1,920,169)
2023-03-12 12:28:19: Скопирован новый 'D:/GIT/images/bigest/slide8.png' -> '//ANDREIHP/F/GIT/images/bigest/slide8.png' (164,642)
2023-03-12 12:28:19: Скопирован новый 'D:/GIT/images/bigest/slide7.png' -> '//ANDREIHP/F/GIT/images/bigest/slide7.png' (155,950)
2023-03-12 12:28:19: Скопирован новый 'D:/GIT/images/bigest/slide9.png' -> '//ANDREIHP/F/GIT/images/bigest/slide9.png' (461,007)
2023-03-12 12:28:19: Скопирован новый 'D:/GIT/images/minim/slide1.png' -> '//ANDREIHP/F/GIT/images/minim/slide1.png' (216,703)
2023-03-12 12:28:19: Скопирован новый 'D:/GIT/images/minim/slide2.png' -> '//ANDREIHP/F/GIT/images/minim/slide2.png' (261,203)
2023-03-12 12:28:19: Скопирован новый 'D:/GIT/images/minim/slide3.png' -> '//ANDREIHP/F/GIT/images/minim/slide3.png' (137,729)
2023-03-12 12:28:19: Скопирован новый 'D:/GIT/images/minim/slide4.png' -> '//ANDREIHP/F/GIT/images/minim/slide4.png' (152,419)
2023-03-12 12:28:19: Скопирован новый 'D:/GIT/images/minim/slide5.png' -> '//ANDREIHP/F/GIT/images/minim/slide5.png' (367,637)
2023-03-12 12:28:20: Скопирован новый 'D:/GIT/images/minim/slide6.png' -> '//ANDREIHP/F/GIT/images/minim/slide6.png' (499,676)
2023-03-12 12:28:20: Скопирован новый 'D:/GIT/images/minim/slide7.png' -> '//ANDREIHP/F/GIT/images/minim/slide7.png' (166,613)
2023-03-12 12:28:20: Скопирован новый 'D:/GIT/images/minim/slide8.png' -> '//ANDREIHP/F/GIT/images/minim/slide8.png' (169,970)
2023-03-12 12:28:20: Скопирован новый 'D:/GIT/images/minim/slide9.png' -> '//ANDREIHP/F/GIT/images/minim/slide9.png' (137,197)
2023-03-12 12:28:20: Скопирован новый 'D:/GIT/images/slide1.png' -> '//ANDREIHP/F/GIT/images/slide1.png' (192,647)
2023-03-12 12:28:20: Скопирован новый 'D:/GIT/images/slide10.png' -> '//ANDREIHP/F/GIT/images/slide10.png' (97,357)
2023-03-12 12:28:20: Скопирован новый 'D:/GIT/images/slide11.png' -> '//ANDREIHP/F/GIT/images/slide11.png' (263,101)
2023-03-12 12:28:20: Скопирован новый 'D:/GIT/images/slide12.png' -> '//ANDREIHP/F/GIT/images/slide12.png' (164,825)
2023-03-12 12:28:20: Скопирован новый 'D:/GIT/images/slide2.png' -> '//ANDREIHP/F/GIT/images/slide2.png' (218,290)
2023-03-12 12:28:20: Скопирован новый 'D:/GIT/images/slide3.png' -> '//ANDREIHP/F/GIT/images/slide3.png' (263,136)
2023-03-12 12:28:20: Скопирован новый 'D:/GIT/images/slide4.png' -> '//ANDREIHP/F/GIT/images/slide4.png' (334,993)
2023-03-12 12:28:20: Скопирован новый 'D:/GIT/images/slide5.png' -> '//ANDREIHP/F/GIT/images/slide5.png' (465,521)
2023-03-12 12:28:20: Скопирован новый 'D:/GIT/images/slide7.png' -> '//ANDREIHP/F/GIT/images/slide7.png' (59,382)
2023-03-12 12:28:20: Скопирован новый 'D:/GIT/images/slide6.png' -> '//ANDREIHP/F/GIT/images/slide6.png' (403,366)
2023-03-12 12:28:20: Скопирован новый 'D:/GIT/images/slide8.png' -> '//ANDREIHP/F/GIT/images/slide8.png' (75,859)
2023-03-12 12:28:20: Скопирован новый 'D:/GIT/images/slide9.png' -> '//ANDREIHP/F/GIT/images/slide9.png' (119,104)
2023-03-12 12:28:20: Скопирован новый 'D:/GIT/img/analyse1.png' -> '//ANDREIHP/F/GIT/img/analyse1.png' (292,868)
2023-03-12 12:28:20: Скопирован новый 'D:/GIT/img/axacode.jpg' -> '//ANDREIHP/F/GIT/img/axacode.jpg' (11,695)
2023-03-12 12:28:20: Скопирован новый 'D:/GIT/img/axacode.png' -> '//ANDREIHP/F/GIT/img/axacode.png' (7,759)
2023-03-12 12:28:20: Скопирован новый 'D:/GIT/img/axamobile.png' -> '//ANDREIHP/F/GIT/img/axamobile.png' (2,857)
2023-03-12 12:28:20: Скопирован новый 'D:/GIT/img/Background.png' -> '//ANDREIHP/F/GIT/img/Background.png' (4,874)
2023-03-12 12:28:20: Скопирован новый 'D:/GIT/img/ChevronNext.png' -> '//ANDREIHP/F/GIT/img/ChevronNext.png' (11,777)
2023-03-12 12:28:20: Скопирован новый 'D:/GIT/img/ChevronNext.svg' -> '//ANDREIHP/F/GIT/img/ChevronNext.svg' (1,488)
2023-03-12 12:28:20: Скопирован новый 'D:/GIT/img/ChevronPrev.png' -> '//ANDREIHP/F/GIT/img/ChevronPrev.png' (11,609)
2023-03-12 12:28:20: Скопирован новый 'D:/GIT/img/close.png' -> '//ANDREIHP/F/GIT/img/close.png' (723)
2023-03-12 12:28:20: Скопирован новый 'D:/GIT/img/ChevronPrev.svg' -> '//ANDREIHP/F/GIT/img/ChevronPrev.svg' (1,529)
2023-03-12 12:28:20: Скопирован новый 'D:/GIT/img/close2.png' -> '//ANDREIHP/F/GIT/img/close2.png' (3,675)
2023-03-12 12:28:20: Скопирован новый 'D:/GIT/img/close25.png' -> '//ANDREIHP/F/GIT/img/close25.png' (676)
2023-03-12 12:28:20: Скопирован новый 'D:/GIT/img/cross-31169_1280.psd' -> '//ANDREIHP/F/GIT/img/cross-31169_1280.psd' (453,498)
2023-03-12 12:28:20: Скопирован новый 'D:/GIT/img/cross-31169_1280.webp' -> '//ANDREIHP/F/GIT/img/cross-31169_1280.webp' (94,678)
2023-03-12 12:28:20: Скопирован новый 'D:/GIT/img/Ellipse 17.svg' -> '//ANDREIHP/F/GIT/img/Ellipse 17.svg' (558)
2023-03-12 12:28:20: Скопирован новый 'D:/GIT/img/daCode - SaaS Web agency website (Community) (Copy).zip' -> '//ANDREIHP/F/GIT/img/daCode - SaaS Web agency website (Community) (Copy).zip' (34,474)
2023-03-12 12:28:20: Скопирован новый 'D:/GIT/img/Ellipse 20.svg' -> '//ANDREIHP/F/GIT/img/Ellipse 20.svg' (553)
2023-03-12 12:28:20: Скопирован новый 'D:/GIT/img/Group56.svg' -> '//ANDREIHP/F/GIT/img/Group56.svg' (1,465)
2023-03-12 12:28:20: Скопирован новый 'D:/GIT/img/Ellipse 21.svg' -> '//ANDREIHP/F/GIT/img/Ellipse 21.svg' (553)
2023-03-12 12:28:20: Скопирован новый 'D:/GIT/img/icons/icon-fb.svg' -> '//ANDREIHP/F/GIT/img/icons/icon-fb.svg' (553)
2023-03-12 12:28:20: Скопирован новый 'D:/GIT/img/icons/icon-qr.svg' -> '//ANDREIHP/F/GIT/img/icons/icon-qr.svg' (4,993)
2023-03-12 12:28:20: Скопирован новый 'D:/GIT/img/icons/icon-google.svg' -> '//ANDREIHP/F/GIT/img/icons/icon-google.svg' (1,216)
2023-03-12 12:28:21: Скопирован новый 'D:/GIT/img/icons/icon-vk.svg' -> '//ANDREIHP/F/GIT/img/icons/icon-vk.svg' (1,481)
2023-03-12 12:28:21: Скопирован новый 'D:/GIT/img/icons/more.svg' -> '//ANDREIHP/F/GIT/img/icons/more.svg' (662)
2023-03-12 12:28:21: Скопирован новый 'D:/GIT/img/Logo AXAcode.jpg' -> '//ANDREIHP/F/GIT/img/Logo AXAcode.jpg' (11,695)
2023-03-12 12:28:21: Скопирован новый 'D:/GIT/img/layers.svg' -> '//ANDREIHP/F/GIT/img/layers.svg' (1,784)
2023-03-12 12:28:21: Скопирован новый 'D:/GIT/img/magnifying-glass.svg' -> '//ANDREIHP/F/GIT/img/magnifying-glass.svg' (9,263)
2023-03-12 12:28:21: Скопирован новый 'D:/GIT/img/MaskGroup.png' -> '//ANDREIHP/F/GIT/img/MaskGroup.png' (28,501)
2023-03-12 12:28:21: Скопирован новый 'D:/GIT/img/MaskGroup2.png' -> '//ANDREIHP/F/GIT/img/MaskGroup2.png' (11,239)
2023-03-12 12:28:21: Скопирован новый 'D:/GIT/img/menu.png' -> '//ANDREIHP/F/GIT/img/menu.png' (1,278)
2023-03-12 12:28:21: Скопирован новый 'D:/GIT/img/menu1.png' -> '//ANDREIHP/F/GIT/img/menu1.png' (16,846)
2023-03-12 12:28:21: Скопирован новый 'D:/GIT/img/menu0.png' -> '//ANDREIHP/F/GIT/img/menu0.png' (911)
2023-03-12 12:28:21: Скопирован новый 'D:/GIT/img/menu1.psd' -> '//ANDREIHP/F/GIT/img/menu1.psd' (41,362)
2023-03-12 12:28:21: Скопирован новый 'D:/GIT/img/menu2.png' -> '//ANDREIHP/F/GIT/img/menu2.png' (2,390)
2023-03-12 12:28:21: Скопирован новый 'D:/GIT/img/n1.svg' -> '//ANDREIHP/F/GIT/img/n1.svg' (1,122)
2023-03-12 12:28:21: Скопирован новый 'D:/GIT/img/n2.svg' -> '//ANDREIHP/F/GIT/img/n2.svg' (1,809)
2023-03-12 12:28:21: Скопирован новый 'D:/GIT/img/n4.svg' -> '//ANDREIHP/F/GIT/img/n4.svg' (1,102)
2023-03-12 12:28:21: Скопирован новый 'D:/GIT/img/n3.svg' -> '//ANDREIHP/F/GIT/img/n3.svg' (1,690)
2023-03-12 12:28:21: Скопирован новый 'D:/GIT/img/next.svg' -> '//ANDREIHP/F/GIT/img/next.svg' (742)
2023-03-12 12:28:21: Скопирован новый 'D:/GIT/img/prev.svg' -> '//ANDREIHP/F/GIT/img/prev.svg' (732)
2023-03-12 12:28:21: Скопирован новый 'D:/GIT/img/Rectangle30.png' -> '//ANDREIHP/F/GIT/img/Rectangle30.png' (5,739)
2023-03-12 12:28:21: Скопирован новый 'D:/GIT/img/startup.svg' -> '//ANDREIHP/F/GIT/img/startup.svg' (5,550)
2023-03-12 12:28:21: Скопирован новый 'D:/GIT/img/web-design.svg' -> '//ANDREIHP/F/GIT/img/web-design.svg' (2,922)
2023-03-12 12:28:21: Скопирован новый 'D:/GIT/img/web-site.svg' -> '//ANDREIHP/F/GIT/img/web-site.svg' (3,439)
2023-03-12 12:28:21: Скопирован новый 'D:/GIT/img/WorkingRemotely.png' -> '//ANDREIHP/F/GIT/img/WorkingRemotely.png' (359,513)
2023-03-12 12:28:21: Скопирован новый 'D:/GIT/img/wordpress.svg' -> '//ANDREIHP/F/GIT/img/wordpress.svg' (4,578)
2023-03-12 12:28:21: Скопирован новый 'D:/GIT/index.html' -> '//ANDREIHP/F/GIT/index.html' (18,051)
2023-03-12 12:28:21: Скопирован новый 'D:/GIT/index2.php' -> '//ANDREIHP/F/GIT/index2.php' (246)
2023-03-12 12:28:21: Скопирован новый 'D:/GIT/index.php' -> '//ANDREIHP/F/GIT/index.php' (19,378)
2023-03-12 12:28:21: Скопирован новый 'D:/GIT/index3.php' -> '//ANDREIHP/F/GIT/index3.php' (591)
2023-03-12 12:28:21: Скопирован новый 'D:/GIT/js/card.js' -> '//ANDREIHP/F/GIT/js/card.js' (3,597)
2023-03-12 12:28:21: Скопирован новый 'D:/GIT/js/menu.js' -> '//ANDREIHP/F/GIT/js/menu.js' (1,866)
2023-03-12 12:28:21: Скопирован новый 'D:/GIT/js/jquery-3.1.1.min.js' -> '//ANDREIHP/F/GIT/js/jquery-3.1.1.min.js' (86,713)
2023-03-12 12:28:21: Скопирован новый 'D:/GIT/js/scripts.js' -> '//ANDREIHP/F/GIT/js/scripts.js' (7,626)
2023-03-12 12:28:21: Скопирован новый 'D:/GIT/js/scripts_rotate.js' -> '//ANDREIHP/F/GIT/js/scripts_rotate.js' (1,707)
2023-03-12 12:28:21: Скопирован новый 'D:/GIT/js/scripts_rotate2.js' -> '//ANDREIHP/F/GIT/js/scripts_rotate2.js' (1,744)
2023-03-12 12:28:22: Скопирован новый 'D:/GIT/js/signin.js' -> '//ANDREIHP/F/GIT/js/signin.js' (1,272)
2023-03-12 12:28:22: Скопирован новый 'D:/GIT/lk.php' -> '//ANDREIHP/F/GIT/lk.php' (8,173)
2023-03-12 12:28:22: Скопирован новый 'D:/GIT/js/signout.js' -> '//ANDREIHP/F/GIT/js/signout.js' (469)
2023-03-12 12:28:22: Скопирован новый 'D:/GIT/main.php' -> '//ANDREIHP/F/GIT/main.php' (18,586)
2023-03-12 12:28:22: Скопирован новый 'D:/GIT/main.html' -> '//ANDREIHP/F/GIT/main.html' (17,623)
2023-03-12 12:28:22: Скопирован новый 'D:/GIT/photos.html' -> '//ANDREIHP/F/GIT/photos.html' (13,041)
2023-03-12 12:28:22: Скопирован новый 'D:/GIT/photos.php' -> '//ANDREIHP/F/GIT/photos.php' (14,514)
2023-03-12 12:28:22: Скопирован новый 'D:/GIT/README.md' -> '//ANDREIHP/F/GIT/README.md' (8)
2023-03-12 12:28:22: Скопирован новый 'D:/GIT/server.log' -> '//ANDREIHP/F/GIT/server.log' (15,821)
2023-03-12 12:28:22: Скопирован новый 'D:/GIT/signup.php' -> '//ANDREIHP/F/GIT/signup.php' (0)
2023-03-12 12:28:22: Скопирован новый 'D:/GIT/signin.php' -> '//ANDREIHP/F/GIT/signin.php' (386)
2023-03-12 12:28:22: Скопирован новый 'D:/GIT/signout.php' -> '//ANDREIHP/F/GIT/signout.php' (285)
2023-03-12 12:28:22: Скопирован новый 'D:/GIT/works.html' -> '//ANDREIHP/F/GIT/works.html' (14,005)
2023-03-12 12:28:22: Скопирован новый 'D:/GIT/works.php' -> '//ANDREIHP/F/GIT/works.php' (15,478)
2023-03-12 12:28:22: ===== Синхронизация завершена. Время 00:00:06, Скорость: 4.10 MB/s файлов/сек =====, Синхронизировано: 140, Ошибок: 0
